<?xml version="1.0" encoding="UTF-8"?>
<testsuite xmlns:xsi="http://www.w3.org/2001/XMLSchema-instance" xsi:noNamespaceSchemaLocation="https://maven.apache.org/surefire/maven-surefire-plugin/xsd/surefire-test-report.xsd" name="com.pkonopacki1.StringManipulationTest" time="0.012" tests="2" errors="0" skipped="0" failures="0">
  <properties>
[...]
</properties>
  <testcase name="testStringJoin" classname="com.pkonopacki1.StringManipulationTest" time="0"/>
  <testcase name="testStringSplit" classname="com.pkonopacki1.StringManipulationTest" time="0"/>
</testsuite>